<?xml version="1.0" encoding="UTF-8"?>
<!-- Generated by org.testng.reporters.JUnitXMLReporter -->
<testsuite ignored="2" hostname="DESKTOP-E93E3NQ" failures="2" tests="2" name="Default test(failed)" time="25.484" errors="0" timestamp="2022-10-23T23:18:47 IST">
  <testcase classname="TestCases.LastPageTest" name="CompleteTest" time="0.072">
    <failure type="java.lang.AssertionError" message="expected [[CHECKOUT: COMPLETE!]] but found [CHECKOUT: COMPLETE!]">
      <![CDATA[java.lang.AssertionError: expected [[CHECKOUT: COMPLETE!]] but found [CHECKOUT: COMPLETE!]
at TestCases.LastPageTest.CompleteTest(LastPageTest.java:50)
at java.base/java.util.ArrayList.forEach(ArrayList.java:1541)
... Removed 33 stack frames]]>
    </failure>
  </testcase> <!-- CompleteTest -->
  <testcase classname="TestCases.LastPageTest" name="LogoText" time="0.081">
    <failure type="java.lang.AssertionError" message="expected [true] but found [true]">
      <![CDATA[java.lang.AssertionError: expected [true] but found [true]
at TestCases.LastPageTest.LogoText(LastPageTest.java:62)
at java.base/java.util.ArrayList.forEach(ArrayList.java:1541)
... Removed 32 stack frames]]>
    </failure>
  </testcase> <!-- LogoText -->
  <testcase classname="TestCases.LastPageTest" name="TextTest" time="0.0">
    <ignored/>
  </testcase> <!-- TextTest -->
  <testcase classname="TestCases.LastPageTest" name="lastbtnTest" time="0.0">
    <ignored/>
  </testcase> <!-- lastbtnTest -->
</testsuite> <!-- Default test(failed) -->
