<?xml version="1.0" encoding="UTF-8"?>
<!-- Generated by org.testng.reporters.JUnitXMLReporter -->
<testsuite ignored="4" hostname="DESKTOP-E93E3NQ" failures="0" tests="1" name="Default test" time="34.434" errors="0" timestamp="2022-10-26T15:55:19 IST">
  <testcase classname="TestCases.LoginPageTest" name="verifyLoginPageTitleTest" time="0.041"/>
  <testcase classname="TestCases.LoginPageTest" name="verifyLoginPageURLTest" time="0.0">
    <ignored/>
  </testcase> <!-- verifyLoginPageURLTest -->
  <testcase classname="TestCases.LoginPageTest" name="verifyBotColumnLogoTest" time="0.0">
    <ignored/>
  </testcase> <!-- verifyBotColumnLogoTest -->
  <testcase classname="TestCases.LoginPageTest" name="verifyLoginLogoTest" time="0.0">
    <ignored/>
  </testcase> <!-- verifyLoginLogoTest -->
  <testcase classname="TestCases.LoginPageTest" name="LoginToPage1Test" time="0.0">
    <ignored/>
  </testcase> <!-- LoginToPage1Test -->
</testsuite> <!-- Default test -->
