<?xml version="1.0" encoding="UTF-8"?>
<!-- Generated by org.testng.reporters.JUnitXMLReporter -->
<testsuite ignored="0" hostname="DESKTOP-E93E3NQ" failures="0" tests="4" name="Test" time="89.938" errors="0" timestamp="2022-10-25T12:54:44 IST">
  <testcase classname="TestCases.ParallelTest" name="URL4" time="61.807"/>
  <testcase classname="TestCases.ParallelTest" name="URL2" time="80.789"/>
  <testcase classname="TestCases.ParallelTest" name="URL3" time="88.226"/>
  <testcase classname="TestCases.ParallelTest" name="Url1" time="89.704"/>
</testsuite> <!-- Test -->
