<?xml version="1.0" encoding="UTF-8"?>
<testng-results ignored="4" total="5" passed="1" failed="0" skipped="0">
  <reporter-output>
  </reporter-output>
  <suite started-at="2022-10-26T15:54:45 IST" name="Default suite" finished-at="2022-10-26T15:55:19 IST" duration-ms="34434">
    <groups>
    </groups>
    <test started-at="2022-10-26T15:54:45 IST" name="Default test" finished-at="2022-10-26T15:55:19 IST" duration-ms="34434">
      <class name="TestCases.LoginPageTest">
        <test-method is-config="true" signature="setup()[pri:0, instance:TestCases.LoginPageTest@644baf4a]" started-at="2022-10-26T15:54:45 IST" name="setup" finished-at="2022-10-26T15:55:18 IST" duration-ms="33082" status="PASS">
          <reporter-output>
          </reporter-output>
        </test-method> <!-- setup -->
        <test-method signature="verifyLoginPageTitleTest()[pri:1, instance:TestCases.LoginPageTest@644baf4a]" started-at="2022-10-26T15:55:18 IST" name="verifyLoginPageTitleTest" finished-at="2022-10-26T15:55:18 IST" duration-ms="41" status="PASS">
          <reporter-output>
          </reporter-output>
        </test-method> <!-- verifyLoginPageTitleTest -->
        <test-method is-config="true" signature="closeBrowser(org.testng.ITestResult)[pri:0, instance:TestCases.LoginPageTest@644baf4a]" started-at="2022-10-26T15:55:18 IST" name="closeBrowser" finished-at="2022-10-26T15:55:19 IST" duration-ms="1133" status="PASS">
          <params>
            <param index="0">
              <value>
                <![CDATA[[TestResult name=verifyLoginPageTitleTest status=SUCCESS method=LoginPageTest.verifyLoginPageTitleTest()[pri:1, instance:TestCases.LoginPageTest@644baf4a] output={null}]]]>
              </value>
            </param>
          </params>
          <reporter-output>
          </reporter-output>
        </test-method> <!-- closeBrowser -->
      </class> <!-- TestCases.LoginPageTest -->
    </test> <!-- Default test -->
  </suite> <!-- Default suite -->
</testng-results>
